<?xml version="1.0" encoding="UTF-8"?>
<!-- Generated by org.testng.reporters.JUnitReportReporter -->
<testsuite hostname="MacBook-Pro.local" failures="0" tests="1" name="ServiceNow.ExternalCert.CertTypeTest" time="20.016" errors="0" timestamp="09 Dec 2020 02:58:12 GMT" skipped="0">
  <testcase classname="ServiceNow.ExternalCert.CertTypeTest" name="ServiceNow" time="20.016"/>
</testsuite> <!-- ServiceNow.ExternalCert.CertTypeTest -->
