<?xml version="1.0" encoding="UTF-8"?>
<!-- Generated by org.testng.reporters.JUnitReportReporter -->
<testsuite hostname="MacBook-Pro.local" failures="0" tests="1" name="ServiceNow.ExternalCert.AppTest" time="0.001" errors="0" timestamp="09 Dec 2020 02:58:12 GMT" skipped="0">
  <testcase classname="ServiceNow.ExternalCert.AppTest" name="testApp" time="0.001"/>
</testsuite> <!-- ServiceNow.ExternalCert.AppTest -->
