<?xml version="1.0" encoding="UTF-8"?>
<!-- Generated by org.testng.reporters.JUnitReportReporter -->
<testsuite hostname="MacBook-Pro.local" failures="0" tests="1" name="ServiceNow.ExternalCert.CertTypeTest" time="18.594" errors="0" timestamp="14 Dec 2020 09:45:15 GMT" skipped="0">
  <testcase classname="ServiceNow.ExternalCert.CertTypeTest" name="ServiceNow" time="18.594"/>
</testsuite> <!-- ServiceNow.ExternalCert.CertTypeTest -->
