<?xml version="1.0" encoding="UTF-8"?>
<!-- Generated by org.testng.reporters.JUnitReportReporter -->
<testsuite hostname="MacBook-Pro.local" failures="0" tests="1" name="ServiceNow.ExternalCert.AppTest" time="0.004" errors="0" timestamp="14 Dec 2020 06:29:13 GMT" skipped="0">
  <testcase classname="ServiceNow.ExternalCert.AppTest" name="testApp" time="0.004"/>
</testsuite> <!-- ServiceNow.ExternalCert.AppTest -->
