<?xml version="1.0" encoding="UTF-8"?>
<!-- Generated by org.testng.reporters.JUnitReportReporter -->
<testsuite hostname="MacBook-Pro.local" failures="0" tests="1" name="ServiceNow.ExternalCert.CertType" time="11.871" errors="0" timestamp="09 Dec 2020 00:35:41 GMT" skipped="0">
  <testcase classname="ServiceNow.ExternalCert.CertType" name="NewCertType" time="11.871"/>
</testsuite> <!-- ServiceNow.ExternalCert.CertType -->
